mktextfm Fixed
mktextfm Fixed
mktextfm Fixedsys
mktextfm Clean
mktextfm Charter
mktextfm Charter
mktextfm Charter
mktextfm Charter
mktextfm Charter
mktextfm Charter
mktextfm SereneTypewriter
mktextfm Terminal
mktextfm Terminus
mktextfm Clean
mktextfm Clean
mktextfm LucidaTypewriter
mktextfm Monospace
mktextfm Biwidth
mktextfm SereneTypewriter
mktextfm SereneTypewriter
mktextfm Monospace
mktextfm LucidaBright/ICU
mktextfm Charter/ICU
mktextfm Biwidth/ICU
mktextfm Terminal/ICU
mktextfm Terminus/ICU
mktextfm Charter/ICU
mktextfm B
mktextfm B
mktextfm Times
mktextfm Times
mktextfm Times
mktextfm Times/BI
mktextfm Times
mktextfm Times/B
mktextfm Times
mktextfm Times/I
mktextfm Times
