This is XeTeX, Version 3.1415926-2.4-0.9998 (TeX Live 2012) (format=xelatex 2013.2.28)  25 SEP 2014 21:33
entering extended mode
 restricted \write18 enabled.
 %&-line parsing enabled.
**./src/vasia.tex
(./src/vasia.tex
LaTeX2e <2011/06/27>
Babel <v3.8m> and hyphenation patterns for english, dumylang, nohyphenation, ge
rman-x-2012-05-30, ngerman-x-2012-05-30, afrikaans, ancientgreek, ibycus, arabi
c, armenian, basque, bulgarian, catalan, pinyin, coptic, croatian, czech, danis
h, dutch, ukenglish, usenglishmax, esperanto, estonian, ethiopic, farsi, finnis
h, french, friulan, galician, german, ngerman, swissgerman, monogreek, greek, h
ungarian, icelandic, assamese, bengali, gujarati, hindi, kannada, malayalam, ma
rathi, oriya, panjabi, tamil, telugu, indonesian, interlingua, irish, italian, 
kurmanji, latin, latvian, lithuanian, mongolian, mongolianlmc, bokmal, nynorsk,
 piedmontese, polish, portuguese, romanian, romansh, russian, sanskrit, serbian
, serbianc, slovak, slovenian, spanish, swedish, turkish, turkmen, ukrainian, u
ppersorbian, welsh, loaded.
(/home/vadim/texmf/tex/xelatex/pcbdoc/pcbdoc.cls
Document Class: pcbdoc 
\pcbdoclinethick=\skip41
\pcbdoclinethin=\skip42
(/opt1/texlive/2012/texmf-dist/tex/latex/graphics/keyval.sty
Package: keyval 1999/03/16 v1.13 key=value parser (DPC)
\KV@toks@=\toks14
)
(/home/vadim/texmf/tex/xelatex/pcbdoc/pcbdoclayout.sty
Package: pcbdoclayout 

(/home/vadim/texmf/tex/xelatex/pcbdoc/pcbdocpaper.sty
Package: pcbdocpaper 

(/opt1/texlive/2012/texmf-dist/tex/latex/xifthen/xifthen.sty
Package: xifthen 2009/04/17 v1.3 Extended ifthen features

(/opt1/texlive/2012/texmf-dist/tex/latex/etex-pkg/etex.sty
Package: etex 1998/03/26 v2.0 eTeX basic definition package (PEB)
\et@xins=\count80
)
(/opt1/texlive/2012/texmf-dist/tex/latex/tools/calc.sty
Package: calc 2007/08/22 v4.3 Infix arithmetic (KKT,FJ)
\calc@Acount=\count81
\calc@Bcount=\count82
\calc@Adimen=\dimen102
\calc@Bdimen=\dimen103
\calc@Askip=\skip43
\calc@Bskip=\skip44
LaTeX Info: Redefining \setlength on input line 76.
LaTeX Info: Redefining \addtolength on input line 77.
\calc@Ccount=\count83
\calc@Cskip=\skip45
)
(/opt1/texlive/2012/texmf-dist/tex/latex/base/ifthen.sty
Package: ifthen 2001/05/26 v1.1c Standard LaTeX ifthen package (DPC)
)
(/opt1/texlive/2012/texmf-dist/tex/latex/ifmtarg/ifmtarg.sty
Package: ifmtarg 2009/09/02 v1.2a check for an empty argument
))
(/opt1/texlive/2012/texmf-dist/tex/latex/vmargin/vmargin.sty
Package: vmargin 2004/07/15 V2.5 set document margins (VK)

Package: vmargin 2004/07/15 V2.5 set document margins (VK)
\PaperWidth=\dimen104
\PaperHeight=\dimen105
)
\pcbdocpaperwidth=\skip46
\pcbdocpaperheight=\skip47
)
\pcbdocpaperdeltawidth=\skip48
\pcbdocpaperdeltaheight=\skip49
\pcbdocpapertopmargin=\skip50
\pcbdocpaperbottommargin=\skip51
\pcbdocpaperleftmargin=\skip52
\pcbdocpaperrightmargin=\skip53
\c@LeftMargin=\count84
\c@RightMargin=\count85
\c@TopMargin=\count86
\c@BottomMargin=\count87
\c@BorderWidth=\count88
\c@BorderHeight=\count89
\c@DeltaWidth=\count90
\c@DeltaHeight=\count91
\c@xStamp=\count92
)
\gridstep=\skip54
 (/opt1/texlive/2012/texmf-dist/tex/latex/base/article.cls
Document Class: article 2007/10/19 v1.4h Standard LaTeX document class
(/opt1/texlive/2012/texmf-dist/tex/latex/base/size12.clo
File: size12.clo 2007/10/19 v1.4h Standard LaTeX file (size option)
)
\c@part=\count93
\c@section=\count94
\c@subsection=\count95
\c@subsubsection=\count96
\c@paragraph=\count97
\c@subparagraph=\count98
\c@figure=\count99
\c@table=\count100
\abovecaptionskip=\skip55
\belowcaptionskip=\skip56
\bibindent=\dimen106
)
(/home/vadim/texmf/tex/xelatex/pcbdoc/pcbdocborder.sty
Package: pcbdocborder 

(/home/vadim/texmf/tex/xelatex/pcbdoc/pcbdoccontent.sty
Package: pcbdoccontent 

(/opt1/texlive/2012/texmf-dist/tex/xelatex/xunicode/xunicode.sty
File: xunicode.sty 2011/09/09 v0.981 provides access to latin accents and many 
other characters in Unicode lower plane

(/opt1/texlive/2012/texmf-dist/tex/latex/tipa/t3enc.def
File: t3enc.def 2001/12/31 T3 encoding
)
\tipaTiiicode=\count101
\tipasavetokens=\toks15
\tipachecktokens=\toks16

(/opt1/texlive/2012/texmf-dist/tex/latex/graphics/graphicx.sty
Package: graphicx 1999/02/16 v1.0f Enhanced LaTeX Graphics (DPC,SPQR)

(/opt1/texlive/2012/texmf-dist/tex/latex/graphics/graphics.sty
Package: graphics 2009/02/05 v1.0o Standard LaTeX Graphics (DPC,SPQR)

(/opt1/texlive/2012/texmf-dist/tex/latex/graphics/trig.sty
Package: trig 1999/03/16 v1.09 sin cos tan (DPC)
)
(/opt1/texlive/2012/texmf-dist/tex/latex/latexconfig/graphics.cfg
File: graphics.cfg 2010/04/23 v1.9 graphics configuration of TeX Live
)
Package graphics Info: Driver file: xetex.def on input line 91.

(/opt1/texlive/2012/texmf-dist/tex/xelatex/xetex-def/xetex.def
File: xetex.def 2013/02/04 v0.95 LaTeX color/graphics driver for XeTeX (RRM/JK)

))
\Gin@req@height=\dimen107
\Gin@req@width=\dimen108
))
(/opt1/texlive/2012/texmf-dist/tex/latex/xltxtra/xltxtra.sty
Package: xltxtra 2010/09/20 v0.5e Improvements for the "XeLaTeX" format

(/opt1/texlive/2012/texmf-dist/tex/generic/oberdiek/ifluatex.sty
Package: ifluatex 2010/03/01 v1.3 Provides the ifluatex switch (HO)
Package ifluatex Info: LuaTeX not detected.
)
(/opt1/texlive/2012/texmf-dist/tex/generic/ifxetex/ifxetex.sty
Package: ifxetex 2010/09/12 v0.6 Provides ifxetex conditional
)
(/opt1/texlive/2012/texmf-dist/tex/latex/fontspec/fontspec.sty
Package: fontspec 2013/03/16 v2.3a Font selection for XeLaTeX and LuaLaTeX

(/opt1/texlive/2012/texmf-dist/tex/latex/l3kernel/expl3.sty
(/opt1/texlive/2012/texmf-dist/tex/latex/l3kernel/l3names.sty
(/opt1/texlive/2012/texmf-dist/tex/latex/l3kernel/l3bootstrap.sty
Package: l3bootstrap 2013/01/08 v4420 L3 Experimental bootstrap code
)
Package: l3names 2012/12/07 v4346 L3 Namespace for primitives
)
Package: expl3 2013/03/14 v4469 L3 Experimental code bundle wrapper

(/opt1/texlive/2012/texmf-dist/tex/latex/l3kernel/l3basics.sty
Package: l3basics 2013/01/10 v4428 L3 Basic definitions
)
(/opt1/texlive/2012/texmf-dist/tex/latex/l3kernel/l3expan.sty
Package: l3expan 2013/02/03 v4458 L3 Argument expansion
)
(/opt1/texlive/2012/texmf-dist/tex/latex/l3kernel/l3tl.sty
Package: l3tl 2013/01/08 v4415 L3 Token lists
)
(/opt1/texlive/2012/texmf-dist/tex/latex/l3kernel/l3seq.sty
Package: l3seq 2013/01/12 v4434 L3 Sequences and stacks
)
(/opt1/texlive/2012/texmf-dist/tex/latex/l3kernel/l3int.sty
Package: l3int 2013/01/13 v4444 L3 Integers
\c_max_int=\count102
\l_tmpa_int=\count103
\l_tmpb_int=\count104
\g_tmpa_int=\count105
\g_tmpb_int=\count106
)
(/opt1/texlive/2012/texmf-dist/tex/latex/l3kernel/l3quark.sty
Package: l3quark 2012/11/04 v4268 L3 Quarks
)
(/opt1/texlive/2012/texmf-dist/tex/latex/l3kernel/l3prg.sty
Package: l3prg 2013/02/13 v4459 L3 Control structures
\g__prg_map_int=\count107
)
(/opt1/texlive/2012/texmf-dist/tex/latex/l3kernel/l3clist.sty
Package: l3clist 2013/01/08 v4414 L3 Comma separated lists
)
(/opt1/texlive/2012/texmf-dist/tex/latex/l3kernel/l3token.sty
Package: l3token 2013/01/10 v4428 L3 Experimental token manipulation
)
(/opt1/texlive/2012/texmf-dist/tex/latex/l3kernel/l3prop.sty
Package: l3prop 2013/01/09 v4423 L3 Property lists
)
(/opt1/texlive/2012/texmf-dist/tex/latex/l3kernel/l3msg.sty
Package: l3msg 2013/01/08 v4412 L3 Messages
)
(/opt1/texlive/2012/texmf-dist/tex/latex/l3kernel/l3file.sty
Package: l3file 2013/01/14 v4446 L3 File and I/O operations
\l_iow_line_count_int=\count108
\l__iow_target_count_int=\count109
\l__iow_current_line_int=\count110
\l__iow_current_word_int=\count111
\l__iow_current_indentation_int=\count112
)
(/opt1/texlive/2012/texmf-dist/tex/latex/l3kernel/l3skip.sty
Package: l3skip 2013/01/13 v4444 L3 Dimensions and skips
\c_zero_dim=\dimen109
\c_max_dim=\dimen110
\l_tmpa_dim=\dimen111
\l_tmpb_dim=\dimen112
\g_tmpa_dim=\dimen113
\g_tmpb_dim=\dimen114
\c_zero_skip=\skip57
\c_max_skip=\skip58
\l_tmpa_skip=\skip59
\l_tmpb_skip=\skip60
\g_tmpa_skip=\skip61
\g_tmpb_skip=\skip62
\c_zero_muskip=\muskip10
\c_max_muskip=\muskip11
\l_tmpa_muskip=\muskip12
\l_tmpb_muskip=\muskip13
\g_tmpa_muskip=\muskip14
\g_tmpb_muskip=\muskip15
)
(/opt1/texlive/2012/texmf-dist/tex/latex/l3kernel/l3keys.sty
Package: l3keys 2013/02/24 v4461 L3 Experimental key-value interfaces
\g__keyval_level_int=\count113
\l_keys_choice_int=\count114
)
(/opt1/texlive/2012/texmf-dist/tex/latex/l3kernel/l3fp.sty
Package: l3fp 2013/01/19 v4449 L3 Floating points
\c__fp_leading_shift_int=\count115
\c__fp_middle_shift_int=\count116
\c__fp_trailing_shift_int=\count117
\c__fp_big_leading_shift_int=\count118
\c__fp_big_middle_shift_int=\count119
\c__fp_big_trailing_shift_int=\count120
\c__fp_Bigg_leading_shift_int=\count121
\c__fp_Bigg_middle_shift_int=\count122
\c__fp_Bigg_trailing_shift_int=\count123
)
(/opt1/texlive/2012/texmf-dist/tex/latex/l3kernel/l3box.sty
Package: l3box 2013/01/08 v4411 L3 Experimental boxes
\c_empty_box=\box26
\l_tmpa_box=\box27
\l_tmpb_box=\box28
\g_tmpa_box=\box29
\g_tmpb_box=\box30
)
(/opt1/texlive/2012/texmf-dist/tex/latex/l3kernel/l3coffins.sty
Package: l3coffins 2012/09/09 v4212 L3 Coffin code layer
\l__coffin_internal_box=\box31
\l__coffin_internal_dim=\dimen115
\l__coffin_offset_x_dim=\dimen116
\l__coffin_offset_y_dim=\dimen117
\l__coffin_x_dim=\dimen118
\l__coffin_y_dim=\dimen119
\l__coffin_x_prime_dim=\dimen120
\l__coffin_y_prime_dim=\dimen121
\c_empty_coffin=\box32
\l__coffin_aligned_coffin=\box33
\l__coffin_aligned_internal_coffin=\box34
\l_tmpa_coffin=\box35
\l_tmpb_coffin=\box36
\l__coffin_display_coffin=\box37
\l__coffin_display_coord_coffin=\box38
\l__coffin_display_pole_coffin=\box39
\l__coffin_display_offset_dim=\dimen122
\l__coffin_display_x_dim=\dimen123
\l__coffin_display_y_dim=\dimen124
)
(/opt1/texlive/2012/texmf-dist/tex/latex/l3kernel/l3color.sty
Package: l3color 2012/08/29 v4156 L3 Experimental color support
)
(/opt1/texlive/2012/texmf-dist/tex/latex/l3kernel/l3luatex.sty
Package: l3luatex 2012/08/03 v4049 L3 Experimental LuaTeX-specific functions
\g__cctab_allocate_int=\count124
\g__cctab_stack_int=\count125
)
(/opt1/texlive/2012/texmf-dist/tex/latex/l3kernel/l3candidates.sty
Package: l3candidates 2013/03/14 v4468 L3 Experimental additions to l3kernel
\l__box_top_dim=\dimen125
\l__box_bottom_dim=\dimen126
\l__box_left_dim=\dimen127
\l__box_right_dim=\dimen128
\l__box_top_new_dim=\dimen129
\l__box_bottom_new_dim=\dimen130
\l__box_left_new_dim=\dimen131
\l__box_right_new_dim=\dimen132
\l__box_internal_box=\box40
\l__coffin_bounding_shift_dim=\dimen133
\l__coffin_left_corner_dim=\dimen134
\l__coffin_right_corner_dim=\dimen135
\l__coffin_bottom_corner_dim=\dimen136
\l__coffin_top_corner_dim=\dimen137
\l__coffin_scaled_total_height_dim=\dimen138
\l__coffin_scaled_width_dim=\dimen139
)
(/opt1/texlive/2012/texmf-dist/tex/generic/oberdiek/ifpdf.sty
Package: ifpdf 2011/01/30 v2.3 Provides the ifpdf switch (HO)
Package ifpdf Info: pdfTeX in PDF mode is not detected.
))
(/opt1/texlive/2012/texmf-dist/tex/latex/l3packages/xparse/xparse.sty
Package: xparse 2013/03/12 v4467 L3 Experimental document command parser
\l__xparse_current_arg_int=\count126
\l__xparse_m_args_int=\count127
\l__xparse_mandatory_args_int=\count128
\l__xparse_processor_int=\count129
\l__xparse_v_nesting_int=\count130
)
\l_fontspec_script_int=\count131
\l_fontspec_language_int=\count132
\l_fontspec_strnum_int=\count133
\l_fontspec_tmpa_dim=\dimen140
\l_fontspec_tmpb_dim=\dimen141
\l_fontspec_tmpc_dim=\dimen142
Variant \tl_gset:cV already defined; not changing it on line 69

(/opt1/texlive/2012/texmf-dist/tex/latex/fontspec/fontspec-patches.sty
Package: fontspec-patches 2013/03/16 v2.3a Font selection for XeLaTeX and LuaLa
TeX

(/opt1/texlive/2012/texmf-dist/tex/latex/base/fixltx2e.sty
Package: fixltx2e 2006/09/13 v1.1m fixes to LaTeX
LaTeX Info: Redefining \em on input line 420.
LaTeX Info: Redefining \textsubscript on input line 424.
)
LaTeX Info: Redefining \em on input line 22.
LaTeX Info: Redefining \emph on input line 30.
LaTeX Info: Redefining \- on input line 33.

*************************************************
* LaTeX warning: "xparse/redefine-command"
* 
* Redefining document command \oldstylenums with arg. spec. 'm' on line 128.
*************************************************
.................................................
. LaTeX info: "xparse/define-command"
. 
. Defining document command \liningnums with arg. spec. 'm' on line 132.
.................................................
) (/opt1/texlive/2012/texmf-dist/tex/latex/fontspec/fontspec-xetex.sty
Package: fontspec-xetex 2013/03/16 v2.3a Font selection for XeLaTeX and LuaLaTe
X

(/opt1/texlive/2012/texmf-dist/tex/latex/base/fontenc.sty
Package: fontenc 2005/09/27 v1.99g Standard LaTeX package

(/opt1/texlive/2012/texmf-dist/tex/latex/euenc/eu1enc.def
File: eu1enc.def 2010/05/27 v0.1h Experimental Unicode font encodings
)
LaTeX Font Info:    Try loading font information for EU1+lmr on input line 100.


(/opt1/texlive/2012/texmf-dist/tex/latex/euenc/eu1lmr.fd
File: eu1lmr.fd 2009/10/30 v1.6 Font defs for Latin Modern
))
.................................................
. LaTeX info: "xparse/define-command"
. 
. Defining document command \fontspec with arg. spec. 'O{}m' on line 41.
.................................................
.................................................
. LaTeX info: "xparse/define-command"
. 
. Defining document command \setmainfont with arg. spec. 'O{}m' on line 46.
.................................................
.................................................
. LaTeX info: "xparse/define-command"
. 
. Defining document command \setsansfont with arg. spec. 'O{}m' on line 51.
.................................................
.................................................
. LaTeX info: "xparse/define-command"
. 
. Defining document command \setmonofont with arg. spec. 'O{}m' on line 56.
.................................................
.................................................
. LaTeX info: "xparse/define-command"
. 
. Defining document command \setmathrm with arg. spec. 'O{}m' on line 65.
.................................................
.................................................
. LaTeX info: "xparse/define-command"
. 
. Defining document command \setboldmathrm with arg. spec. 'O{}m' on line 69.
.................................................
.................................................
. LaTeX info: "xparse/define-command"
. 
. Defining document command \setmathsf with arg. spec. 'O{}m' on line 73.
.................................................
.................................................
. LaTeX info: "xparse/define-command"
. 
. Defining document command \setmathtt with arg. spec. 'O{}m' on line 77.
.................................................
.................................................
. LaTeX info: "xparse/define-command"
. 
. Defining document command \newfontfamily with arg. spec. 'mO{}m' on line 96.
.................................................
.................................................
. LaTeX info: "xparse/define-command"
. 
. Defining document command \newfontface with arg. spec. 'mO{}m' on line 100.
.................................................
.................................................
. LaTeX info: "xparse/define-command"
. 
. Defining document command \defaultfontfeatures with arg. spec. 'om' on line
. 108.
.................................................
.................................................
. LaTeX info: "xparse/define-command"
. 
. Defining document command \addfontfeatures with arg. spec. 'm' on line 144.
.................................................
.................................................
. LaTeX info: "xparse/define-command"
. 
. Defining document command \newfontfeature with arg. spec. 'mm' on line 156.
.................................................
.................................................
. LaTeX info: "xparse/define-command"
. 
. Defining document command \newAATfeature with arg. spec. 'mmmm' on line 164.
.................................................
.................................................
. LaTeX info: "xparse/define-command"
. 
. Defining document command \newICUfeature with arg. spec. 'mmm' on line 172.
.................................................
.................................................
. LaTeX info: "xparse/define-command"
. 
. Defining document command \aliasfontfeature with arg. spec. 'mm' on line
. 201.
.................................................
.................................................
. LaTeX info: "xparse/define-command"
. 
. Defining document command \aliasfontfeatureoption with arg. spec. 'mmm' on
. line 203.
.................................................
.................................................
. LaTeX info: "xparse/define-command"
. 
. Defining document command \newfontscript with arg. spec. 'mm' on line 208.
.................................................
.................................................
. LaTeX info: "xparse/define-command"
. 
. Defining document command \newfontlanguage with arg. spec. 'mm' on line 235.
.................................................
.................................................
. LaTeX info: "xparse/define-command"
. 
. Defining document command \DeclareFontsExtensions with arg. spec. 'm' on
. line 256.
.................................................
Variant \prop_gput:cnV already defined; not changing it on line 582
Variant \prop_gput:cnx already defined; not changing it on line 583
\l_fontspec_tmp_int=\count134
LaTeX Info: Redefining \itshape on input line 2091.
LaTeX Info: Redefining \slshape on input line 2096.
LaTeX Info: Redefining \scshape on input line 2101.
LaTeX Info: Redefining \upshape on input line 2106.

(/opt1/texlive/2012/texmf-dist/tex/latex/fontspec/fontspec.cfg)))
(/opt1/texlive/2012/texmf-dist/tex/latex/realscripts/realscripts.sty
Package: realscripts 2013/03/18 v0.3c Access OpenType subscripts and superscrip
ts
.................................................
. LaTeX info: "xparse/define-command"
. 
. Defining document command \fakesubscript with arg. spec. 'm' on line 19.
.................................................
.................................................
. LaTeX info: "xparse/define-command"
. 
. Defining document command \fakesuperscript with arg. spec. 'm' on line 22.
.................................................

*************************************************
* LaTeX warning: "xparse/redefine-command"
* 
* Redefining document command \textsubscript with arg. spec. 's' on line 25.
*************************************************
*************************************************
* LaTeX warning: "xparse/redefine-command"
* 
* Redefining document command \textsuperscript with arg. spec. 's' on line 28.
*************************************************
.................................................
. LaTeX info: "xparse/define-command"
. 
. Defining document command \realsubscript with arg. spec. 'm' on line 45.
.................................................
.................................................
. LaTeX info: "xparse/define-command"
. 
. Defining document command \realsuperscript with arg. spec. 'm' on line 60.
.................................................
.................................................
. LaTeX info: "xparse/define-command"
. 
. Defining document command \textsubsuperscript with arg. spec. 'sO{l}mm' on
. line 138.
.................................................
.................................................
. LaTeX info: "xparse/define-command"
. 
. Defining document command \textsupersubscript with arg. spec. 'sO{l}mm' on
. line 143.
.................................................
\subsupersep=\dimen143
) (/opt1/texlive/2012/texmf-dist/tex/latex/metalogo/metalogo.sty
Package: metalogo 2010/05/29 v0.12 Extended TeX logo macros
\xl@everylogo=\toks17
\xl@@everylogo=\toks18
LaTeX Info: Redefining \TeX on input line 193.
LaTeX Info: Redefining \LaTeX on input line 202.
LaTeX Info: Redefining \LaTeXe on input line 219.
)
\xxt@tempbox=\box41
)
(/opt1/texlive/2012/texmf-dist/tex/latex/graphics/color.sty
Package: color 2005/11/14 v1.0j Standard LaTeX Color (DPC)

(/opt1/texlive/2012/texmf-dist/tex/latex/latexconfig/color.cfg
File: color.cfg 2007/01/18 v1.5 color configuration of teTeX/TeXLive
)
Package color Info: Driver file: xetex.def on input line 130.
)
(/opt1/texlive/2012/texmf-dist/tex/xelatex/polyglossia/polyglossia.sty
Package: polyglossia 2012/04/29 v1.2.1 Babel replacement for XeLaTeX

(/opt1/texlive/2012/texmf-dist/tex/latex/etoolbox/etoolbox.sty
Package: etoolbox 2011/01/03 v2.1 e-TeX tools for LaTeX
\etb@tempcnta=\count135
)
(/opt1/texlive/2012/texmf-dist/tex/latex/makecmds/makecmds.sty
Package: makecmds 2009/09/03 v1.0a extra command making commands
)
(/opt1/texlive/2012/texmf-dist/tex/latex/xkeyval/xkeyval.sty
Package: xkeyval 2012/10/14 v2.6b package option processing (HA)

(/opt1/texlive/2012/texmf-dist/tex/generic/xkeyval/xkeyval.tex
\XKV@toks=\toks19
\XKV@tempa@toks=\toks20
\XKV@depth=\count136
File: xkeyval.tex 2012/10/14 v2.6b key=value parser (HA)
))
\xpg@normalclass=\XeTeXintercharclass4
)
(/opt1/texlive/2012/texmf-dist/tex/xelatex/polyglossia/gloss-russian.ldf
File: gloss-russian.ldf polyglossia: module for russian

(/opt1/texlive/2012/texmf-dist/tex/xelatex/polyglossia/babelsh.def
File: babelsh.def 2009/05/07 Babel common definitions for shorthands
 Taken verbatim from babel.def (2008/07/06 v3.8l)
)
Package babel Info: Making " an active character on input line 41.
)
Package polyglossia Info: Default language is russian.

(/opt1/texlive/2012/texmf-dist/tex/xelatex/polyglossia/gloss-english.ldf
File: gloss-english.ldf polyglossia: module for english
)
\g__file_internal_ior=\read1
.................................................
. fontspec info: "no-scripts"
. 
. Font GOST Type AU does not contain any OpenType `Script' information.
.................................................
\g_fontspec_family_GOST Type AU_int=\count137
.................................................
. fontspec info: "no-font-shape"
. 
. Could not resolve font GOST Type AU/B (it probably doesn't exist).
.................................................
.................................................
. fontspec info: "no-font-shape"
. 
. Could not resolve font GOST Type AU/I (it probably doesn't exist).
.................................................
.................................................
. fontspec info: "no-font-shape"
. 
. Could not resolve font GOST Type AU/BI (it probably doesn't exist).
.................................................
.................................................
. fontspec info: "defining-font"
. 
. Font family 'GOSTTypeAU(0)' created for font 'GOST Type AU' with options
. [Mapping=tex-text,Scale=0.95].
. 
. This font family consists of the following shapes:
. 
. * 'normal' with NFSS spec.:
. <->s*[0.95]"GOST Type AU/ICU:mapping=tex-text;"
.................................................

(/opt1/texlive/2012/texmf-dist/tex/latex/rotating/rotating.sty
Package: rotating 2009/03/28 v2.16a rotated objects in LaTeX
\c@r@tfl@t=\count138
\rotFPtop=\skip63
\rotFPbot=\skip64
\rot@float@box=\box42
\rot@mess@toks=\toks21
)
(/opt1/texlive/2012/texmf-dist/tex/latex/lastpage/lastpage.sty
Package: lastpage 2013/01/28 v1.2l Refers to last page's name (HMM; JPG)
)
.................................................
. fontspec info: "no-scripts"
. 
. Font GOST Type AU does not contain any OpenType `Script' information.
.................................................
.................................................
. fontspec info: "no-font-shape"
. 
. Could not resolve font GOST Type AU/B (it probably doesn't exist).
.................................................
.................................................
. fontspec info: "no-font-shape"
. 
. Could not resolve font GOST Type AU/I (it probably doesn't exist).
.................................................
.................................................
. fontspec info: "no-font-shape"
. 
. Could not resolve font GOST Type AU/BI (it probably doesn't exist).
.................................................
.................................................
. fontspec info: "defining-font"
. 
. Font family 'GOSTTypeAU(1)' created for font 'GOST Type AU' with options
. [Mapping=tex-text,].
. 
. This font family consists of the following shapes:
. 
. * 'normal' with NFSS spec.:
. <->"GOST Type AU/ICU:mapping=tex-text;"
.................................................
.................................................
. fontspec info: "no-scripts"
. 
. Font GOST Type AU does not contain any OpenType `Script' information.
.................................................
.................................................
. fontspec info: "defining-font"
. 
. Font family 'GOSTTypeAU(1)' created for font 'GOST Type AU' with options
. [Mapping=tex-text,].
. 
. This font family consists of the following shapes:
.................................................
.................................................
. fontspec info: "no-scripts"
. 
. Font GOST Type AU does not contain any OpenType `Script' information.
.................................................
.................................................
. fontspec info: "defining-font"
. 
. Font family 'GOSTTypeAU(1)' created for font 'GOST Type AU' with options
. [Mapping=tex-text,].
. 
. This font family consists of the following shapes:
.................................................
)
\c@Height=\count139
)
(/home/vadim/texmf/tex/xelatex/pcbdoc/pe/pcbpe.sty
Package: pcbpe 

(/home/vadim/texmf/tex/xelatex/pcbdoc/pe/pcbpeborder.sty
Package: pcbpeborder 
)
(/opt1/texlive/2012/texmf-dist/tex/latex/tools/longtable.sty
Package: longtable 2004/02/01 v4.11 Multi-page Table package (DPC)
\LTleft=\skip65
\LTright=\skip66
\LTpre=\skip67
\LTpost=\skip68
\LTchunksize=\count140
\LTcapwidth=\dimen144
\LT@head=\box43
\LT@firsthead=\box44
\LT@foot=\box45
\LT@lastfoot=\box46
\LT@cols=\count141
\LT@rows=\count142
\c@LT@tables=\count143
\c@LT@chunks=\count144
\LT@p@ftn=\toks22
))
\BoardWidth=\skip69
\BoardHeight=\skip70
\BoardThickness=\skip71
)
(./output/vasia.aux
LaTeX Font Info:    Font shape `EU1/GOSTTypeAU(0)/m/n' will be
(Font)              scaled to size 9.49997pt on input line 8.
)
\openout1 = `vasia.aux'.

LaTeX Font Info:    Checking defaults for OML/cmm/m/it on input line 9.
LaTeX Font Info:    ... okay on input line 9.
LaTeX Font Info:    Checking defaults for T1/cmr/m/n on input line 9.
LaTeX Font Info:    ... okay on input line 9.
LaTeX Font Info:    Checking defaults for OT1/cmr/m/n on input line 9.
LaTeX Font Info:    ... okay on input line 9.
LaTeX Font Info:    Checking defaults for OMS/cmsy/m/n on input line 9.
LaTeX Font Info:    ... okay on input line 9.
LaTeX Font Info:    Checking defaults for OMX/cmex/m/n on input line 9.
LaTeX Font Info:    ... okay on input line 9.
LaTeX Font Info:    Checking defaults for U/cmr/m/n on input line 9.
LaTeX Font Info:    ... okay on input line 9.
LaTeX Font Info:    Checking defaults for T3/cmr/m/n on input line 9.
LaTeX Font Info:    Try loading font information for T3+cmr on input line 9.
 (/opt1/texlive/2012/texmf-dist/tex/latex/tipa/t3cmr.fd
File: t3cmr.fd 2001/12/31 TIPA font definitions
)
LaTeX Font Info:    ... okay on input line 9.
LaTeX Font Info:    Checking defaults for EU1/lmr/m/n on input line 9.
LaTeX Font Info:    ... okay on input line 9.
.................................................
. fontspec info: "setup-math"
. 
. Adjusting the maths setup (use [no-math] to avoid this).
.................................................
\symlegacymaths=\mathgroup4
LaTeX Font Info:    Overwriting symbol font `legacymaths' in version `bold'
(Font)                  OT1/cmr/m/n --> OT1/cmr/bx/n on input line 9.
LaTeX Font Info:    Redeclaring math accent \acute on input line 9.
LaTeX Font Info:    Redeclaring math accent \grave on input line 9.
LaTeX Font Info:    Redeclaring math accent \ddot on input line 9.
LaTeX Font Info:    Redeclaring math accent \tilde on input line 9.
LaTeX Font Info:    Redeclaring math accent \bar on input line 9.
LaTeX Font Info:    Redeclaring math accent \breve on input line 9.
LaTeX Font Info:    Redeclaring math accent \check on input line 9.
LaTeX Font Info:    Redeclaring math accent \hat on input line 9.
LaTeX Font Info:    Redeclaring math accent \dot on input line 9.
LaTeX Font Info:    Redeclaring math accent \mathring on input line 9.
LaTeX Font Info:    Redeclaring math symbol \colon on input line 9.
LaTeX Font Info:    Redeclaring math symbol \Gamma on input line 9.
LaTeX Font Info:    Redeclaring math symbol \Delta on input line 9.
LaTeX Font Info:    Redeclaring math symbol \Theta on input line 9.
LaTeX Font Info:    Redeclaring math symbol \Lambda on input line 9.
LaTeX Font Info:    Redeclaring math symbol \Xi on input line 9.
LaTeX Font Info:    Redeclaring math symbol \Pi on input line 9.
LaTeX Font Info:    Redeclaring math symbol \Sigma on input line 9.
LaTeX Font Info:    Redeclaring math symbol \Upsilon on input line 9.
LaTeX Font Info:    Redeclaring math symbol \Phi on input line 9.
LaTeX Font Info:    Redeclaring math symbol \Psi on input line 9.
LaTeX Font Info:    Redeclaring math symbol \Omega on input line 9.
LaTeX Font Info:    Redeclaring math symbol \mathdollar on input line 9.
LaTeX Font Info:    Redeclaring symbol font `operators' on input line 9.
LaTeX Font Info:    Encoding `OT1' has changed to `EU1' for symbol font
(Font)              `operators' in the math version `normal' on input line 9.
LaTeX Font Info:    Overwriting symbol font `operators' in version `normal'
(Font)                  OT1/cmr/m/n --> EU1/GOSTTypeAU(1)/m/n on input line 9.
LaTeX Font Info:    Encoding `OT1' has changed to `EU1' for symbol font
(Font)              `operators' in the math version `bold' on input line 9.
LaTeX Font Info:    Overwriting symbol font `operators' in version `bold'
(Font)                  OT1/cmr/bx/n --> EU1/GOSTTypeAU(1)/m/n on input line 9.

LaTeX Font Info:    Overwriting symbol font `operators' in version `normal'
(Font)                  EU1/GOSTTypeAU(1)/m/n --> EU1/GOSTTypeAU(1)/m/n on inpu
t line 9.
LaTeX Font Info:    Overwriting math alphabet `\mathrm' in version `normal'
(Font)                  EU1/GOSTTypeAU(1)/m/n --> EU1/GOSTTypeAU(1)/m/n on inpu
t line 9.
LaTeX Font Info:    Overwriting math alphabet `\mathit' in version `normal'
(Font)                  OT1/cmr/m/it --> EU1/GOSTTypeAU(1)/m/it on input line 9
.
LaTeX Font Info:    Overwriting math alphabet `\mathbf' in version `normal'
(Font)                  OT1/cmr/bx/n --> EU1/GOSTTypeAU(1)/bx/n on input line 9
.
LaTeX Font Info:    Overwriting math alphabet `\mathsf' in version `normal'
(Font)                  OT1/cmss/m/n --> EU1/GOSTTypeAU(1)/m/n on input line 9.

LaTeX Font Info:    Overwriting math alphabet `\mathtt' in version `normal'
(Font)                  OT1/cmtt/m/n --> EU1/GOSTTypeAU(1)/m/n on input line 9.

LaTeX Font Info:    Overwriting symbol font `operators' in version `bold'
(Font)                  EU1/GOSTTypeAU(1)/m/n --> EU1/GOSTTypeAU(1)/bx/n on inp
ut line 9.
LaTeX Font Info:    Overwriting math alphabet `\mathrm' in version `bold'
(Font)                  EU1/GOSTTypeAU(1)/m/n --> EU1/GOSTTypeAU(1)/bx/n on inp
ut line 9.
LaTeX Font Info:    Overwriting math alphabet `\mathit' in version `bold'
(Font)                  OT1/cmr/bx/it --> EU1/GOSTTypeAU(1)/bx/it on input line
 9.
LaTeX Font Info:    Overwriting math alphabet `\mathsf' in version `bold'
(Font)                  OT1/cmss/bx/n --> EU1/GOSTTypeAU(1)/bx/n on input line 
9.
LaTeX Font Info:    Overwriting math alphabet `\mathtt' in version `bold'
(Font)                  OT1/cmtt/m/n --> EU1/GOSTTypeAU(1)/bx/n on input line 9
.
LaTeX Font Info:    Font shape `EU1/GOSTTypeAU(0)/m/n' will be
(Font)              scaled to size 11.39996pt on input line 9.
Package lastpage Info: Please have a look at the pageslts package at
(lastpage)             http://www.ctan.org/tex-archive/ 
(lastpage)             macros/latex/contrib/pageslts/ 
(lastpage)             or
(lastpage)             http://www.ctan.org/tex-archive/ 
(lastpage)             install/macros/latex/contrib/pageslts.tds.zip
(lastpage)             ! on input line 9.
\g_fontspec_family_GOST type A_int=\count145
.................................................
. fontspec info: "no-font-shape"
. 
. Could not resolve font GOST type A/B (it probably doesn't exist).
.................................................
.................................................
. fontspec info: "defining-font"
. 
. Font family 'GOSTtypeA(0)' created for font 'GOST type A' with options
. [Mapping=tex-text,Scale=1.3].
. 
. This font family consists of the following shapes:
. 
. * 'normal' with NFSS spec.:
. <->s*[1.3]"GOST type A/ICU:script=latn;language=DFLT;mapping=tex-text;"
. 
. * 'italic' with NFSS spec.:
. <->s*[1.3]"GOST type A/I/ICU:script=latn;language=DFLT;mapping=tex-text;"
. 
. * 'bold italic' with NFSS spec.:
. <->s*[1.3]"GOST type A/BI/ICU:script=latn;language=DFLT;mapping=tex-text;"
.................................................
LaTeX Font Info:    Font shape `EU1/GOSTtypeA(0)/m/n' will be
(Font)              scaled to size 15.60004pt on input line 11.
LaTeX Font Info:    Font shape `EU1/GOSTtypeA(0)/m/it' will be
(Font)              scaled to size 15.60004pt on input line 11.
.................................................
. fontspec info: "defining-font"
. 
. Font family 'GOSTtypeA(0)' created for font 'GOST type A' with options
. [Mapping=tex-text,Scale=1.3].
. 
. This font family consists of the following shapes:
.................................................
LaTeX Font Info:    External font `cmex10' loaded for size
(Font)              <12> on input line 11.
LaTeX Font Info:    External font `cmex10' loaded for size
(Font)              <8> on input line 11.
LaTeX Font Info:    External font `cmex10' loaded for size
(Font)              <6> on input line 11.
.................................................
. fontspec info: "defining-font"
. 
. Font family 'GOSTtypeA(0)' created for font 'GOST type A' with options
. [Mapping=tex-text,Scale=1.3].
. 
. This font family consists of the following shapes:
.................................................
.................................................
. fontspec info: "defining-font"
. 
. Font family 'GOSTtypeA(0)' created for font 'GOST type A' with options
. [Mapping=tex-text,Scale=1.3].
. 
. This font family consists of the following shapes:
.................................................
.................................................
. fontspec info: "defining-font"
. 
. Font family 'GOSTtypeA(0)' created for font 'GOST type A' with options
. [Mapping=tex-text,Scale=1.3].
. 
. This font family consists of the following shapes:
.................................................
.................................................
. fontspec info: "defining-font"
. 
. Font family 'GOSTtypeA(0)' created for font 'GOST type A' with options
. [Mapping=tex-text,Scale=1.3].
. 
. This font family consists of the following shapes:
.................................................
.................................................
. fontspec info: "defining-font"
. 
. Font family 'GOSTtypeA(0)' created for font 'GOST type A' with options
. [Mapping=tex-text,Scale=1.3].
. 
. This font family consists of the following shapes:
.................................................
.................................................
. fontspec info: "defining-font"
. 
. Font family 'GOSTtypeA(0)' created for font 'GOST type A' with options
. [Mapping=tex-text,Scale=1.3].
. 
. This font family consists of the following shapes:
.................................................
.................................................
. fontspec info: "defining-font"
. 
. Font family 'GOSTtypeA(0)' created for font 'GOST type A' with options
. [Mapping=tex-text,Scale=1.3].
. 
. This font family consists of the following shapes:
.................................................
.................................................
. fontspec info: "defining-font"
. 
. Font family 'GOSTtypeA(0)' created for font 'GOST type A' with options
. [Mapping=tex-text,Scale=1.3].
. 
. This font family consists of the following shapes:
.................................................
.................................................
. fontspec info: "defining-font"
. 
. Font family 'GOSTtypeA(0)' created for font 'GOST type A' with options
. [Mapping=tex-text,Scale=1.3].
. 
. This font family consists of the following shapes:
.................................................
.................................................
. fontspec info: "defining-font"
. 
. Font family 'GOSTtypeA(0)' created for font 'GOST type A' with options
. [Mapping=tex-text,Scale=1.3].
. 
. This font family consists of the following shapes:
.................................................
.................................................
. fontspec info: "defining-font"
. 
. Font family 'GOSTtypeA(0)' created for font 'GOST type A' with options
. [Mapping=tex-text,Scale=1.3].
. 
. This font family consists of the following shapes:
.................................................
.................................................
. fontspec info: "defining-font"
. 
. Font family 'GOSTtypeA(0)' created for font 'GOST type A' with options
. [Mapping=tex-text,Scale=1.3].
. 
. This font family consists of the following shapes:
.................................................
.................................................
. fontspec info: "defining-font"
. 
. Font family 'GOSTtypeA(0)' created for font 'GOST type A' with options
. [Mapping=tex-text,Scale=1.3].
. 
. This font family consists of the following shapes:
.................................................
.................................................
. fontspec info: "defining-font"
. 
. Font family 'GOSTtypeA(0)' created for font 'GOST type A' with options
. [Mapping=tex-text,Scale=1.3].
. 
. This font family consists of the following shapes:
.................................................
.................................................
. fontspec info: "defining-font"
. 
. Font family 'GOSTtypeA(0)' created for font 'GOST type A' with options
. [Mapping=tex-text,Scale=1.3].
. 
. This font family consists of the following shapes:
.................................................
.................................................
. fontspec info: "defining-font"
. 
. Font family 'GOSTtypeA(0)' created for font 'GOST type A' with options
. [Mapping=tex-text,Scale=1.3].
. 
. This font family consists of the following shapes:
.................................................
.................................................
. fontspec info: "defining-font"
. 
. Font family 'GOSTtypeA(0)' created for font 'GOST type A' with options
. [Mapping=tex-text,Scale=1.3].
. 
. This font family consists of the following shapes:
.................................................
.................................................
. fontspec info: "defining-font"
. 
. Font family 'GOSTtypeA(0)' created for font 'GOST type A' with options
. [Mapping=tex-text,Scale=1.3].
. 
. This font family consists of the following shapes:
.................................................
.................................................
. fontspec info: "defining-font"
. 
. Font family 'GOSTtypeA(0)' created for font 'GOST type A' with options
. [Mapping=tex-text,Scale=1.3].
. 
. This font family consists of the following shapes:
.................................................
.................................................
. fontspec info: "defining-font"
. 
. Font family 'GOSTtypeA(0)' created for font 'GOST type A' with options
. [Mapping=tex-text,Scale=1.3].
. 
. This font family consists of the following shapes:
.................................................
.................................................
. fontspec info: "defining-font"
. 
. Font family 'GOSTtypeA(0)' created for font 'GOST type A' with options
. [Mapping=tex-text,Scale=1.3].
. 
. This font family consists of the following shapes:
.................................................
.................................................
. fontspec info: "defining-font"
. 
. Font family 'GOSTtypeA(0)' created for font 'GOST type A' with options
. [Mapping=tex-text,Scale=1.3].
. 
. This font family consists of the following shapes:
.................................................
.................................................
. fontspec info: "defining-font"
. 
. Font family 'GOSTtypeA(0)' created for font 'GOST type A' with options
. [Mapping=tex-text,Scale=1.3].
. 
. This font family consists of the following shapes:
.................................................
.................................................
. fontspec info: "defining-font"
. 
. Font family 'GOSTtypeA(0)' created for font 'GOST type A' with options
. [Mapping=tex-text,Scale=1.3].
. 
. This font family consists of the following shapes:
.................................................
.................................................
. fontspec info: "defining-font"
. 
. Font family 'GOSTtypeA(0)' created for font 'GOST type A' with options
. [Mapping=tex-text,Scale=1.3].
. 
. This font family consists of the following shapes:
.................................................


AED: lastpage setting LastPage
.................................................
. fontspec info: "defining-font"
. 
. Font family 'GOSTtypeA(0)' created for font 'GOST type A' with options
. [Mapping=tex-text,Scale=1.3].
. 
. This font family consists of the following shapes:
.................................................
.................................................
. fontspec info: "defining-font"
. 
. Font family 'GOSTtypeA(0)' created for font 'GOST type A' with options
. [Mapping=tex-text,Scale=1.3].
. 
. This font family consists of the following shapes:
.................................................
.................................................
. fontspec info: "defining-font"
. 
. Font family 'GOSTtypeA(0)' created for font 'GOST type A' with options
. [Mapping=tex-text,Scale=1.3].
. 
. This font family consists of the following shapes:
.................................................
.................................................
. fontspec info: "no-font-shape"
. 
. Could not resolve font GOST type A/B (it probably doesn't exist).
.................................................
.................................................
. fontspec info: "defining-font"
. 
. Font family 'GOSTtypeA(1)' created for font 'GOST type A' with options
. [Mapping=tex-text,Scale=1.75].
. 
. This font family consists of the following shapes:
. 
. * 'normal' with NFSS spec.:
. <->s*[1.75]"GOST type A/ICU:script=latn;language=DFLT;mapping=tex-text;"
. 
. * 'italic' with NFSS spec.:
. <->s*[1.75]"GOST type A/I/ICU:script=latn;language=DFLT;mapping=tex-text;"
. 
. * 'bold italic' with NFSS spec.:
. <->s*[1.75]"GOST type A/BI/ICU:script=latn;language=DFLT;mapping=tex-text;"
.................................................
LaTeX Font Info:    Font shape `EU1/GOSTtypeA(1)/m/n' will be
(Font)              scaled to size 21.0pt on input line 18.
LaTeX Font Info:    Font shape `EU1/GOSTtypeA(1)/m/it' will be
(Font)              scaled to size 21.0pt on input line 18.
.................................................
. fontspec info: "no-font-shape"
. 
. Could not resolve font GOST type A/B (it probably doesn't exist).
.................................................
.................................................
. fontspec info: "defining-font"
. 
. Font family 'GOSTtypeA(2)' created for font 'GOST type A' with options
. [Mapping=tex-text,Scale=1.65].
. 
. This font family consists of the following shapes:
. 
. * 'normal' with NFSS spec.:
. <->s*[1.65]"GOST type A/ICU:script=latn;language=DFLT;mapping=tex-text;"
. 
. * 'italic' with NFSS spec.:
. <->s*[1.65]"GOST type A/I/ICU:script=latn;language=DFLT;mapping=tex-text;"
. 
. * 'bold italic' with NFSS spec.:
. <->s*[1.65]"GOST type A/BI/ICU:script=latn;language=DFLT;mapping=tex-text;"
.................................................
LaTeX Font Info:    Font shape `EU1/GOSTtypeA(2)/m/n' will be
(Font)              scaled to size 19.79993pt on input line 18.
LaTeX Font Info:    Font shape `EU1/GOSTtypeA(2)/m/it' will be
(Font)              scaled to size 19.79993pt on input line 18.
.................................................
. fontspec info: "defining-font"
. 
. Font family 'GOSTtypeA(1)' created for font 'GOST type A' with options
. [Mapping=tex-text,Scale=1.75].
. 
. This font family consists of the following shapes:
.................................................

Underfull \hbox (badness 10000) has occurred while \output is active
[]
 []

.................................................
. fontspec info: "no-font-shape"
. 
. Could not resolve font GOST type A/B (it probably doesn't exist).
.................................................
.................................................
. fontspec info: "defining-font"
. 
. Font family 'GOSTtypeA(3)' created for font 'GOST type A' with options
. [Mapping=tex-text,Scale=1.0].
. 
. This font family consists of the following shapes:
. 
. * 'normal' with NFSS spec.:
. <->s*[1.0]"GOST type A/ICU:script=latn;language=DFLT;mapping=tex-text;"
. 
. * 'italic' with NFSS spec.:
. <->s*[1.0]"GOST type A/I/ICU:script=latn;language=DFLT;mapping=tex-text;"
. 
. * 'bold italic' with NFSS spec.:
. <->s*[1.0]"GOST type A/BI/ICU:script=latn;language=DFLT;mapping=tex-text;"
.................................................
LaTeX Font Info:    Font shape `EU1/GOSTtypeA(3)/m/n' will be
(Font)              scaled to size 12.0pt on input line 18.
LaTeX Font Info:    Font shape `EU1/GOSTtypeA(3)/m/it' will be
(Font)              scaled to size 12.0pt on input line 18.
.................................................
. fontspec info: "defining-font"
. 
. Font family 'GOSTtypeA(3)' created for font 'GOST type A' with options
. [Mapping=tex-text,Scale=1.0].
. 
. This font family consists of the following shapes:
.................................................
.................................................
. fontspec info: "defining-font"
. 
. Font family 'GOSTtypeA(3)' created for font 'GOST type A' with options
. [Mapping=tex-text,Scale=1.0].
. 
. This font family consists of the following shapes:
.................................................
.................................................
. fontspec info: "defining-font"
. 
. Font family 'GOSTtypeA(3)' created for font 'GOST type A' with options
. [Mapping=tex-text,Scale=1.0].
. 
. This font family consists of the following shapes:
.................................................
.................................................
. fontspec info: "defining-font"
. 
. Font family 'GOSTtypeA(3)' created for font 'GOST type A' with options
. [Mapping=tex-text,Scale=1.0].
. 
. This font family consists of the following shapes:
.................................................
.................................................
. fontspec info: "defining-font"
. 
. Font family 'GOSTtypeA(3)' created for font 'GOST type A' with options
. [Mapping=tex-text,Scale=1.0].
. 
. This font family consists of the following shapes:
.................................................
.................................................
. fontspec info: "defining-font"
. 
. Font family 'GOSTtypeA(3)' created for font 'GOST type A' with options
. [Mapping=tex-text,Scale=1.0].
. 
. This font family consists of the following shapes:
.................................................
.................................................
. fontspec info: "defining-font"
. 
. Font family 'GOSTtypeA(3)' created for font 'GOST type A' with options
. [Mapping=tex-text,Scale=1.0].
. 
. This font family consists of the following shapes:
.................................................
.................................................
. fontspec info: "defining-font"
. 
. Font family 'GOSTtypeA(3)' created for font 'GOST type A' with options
. [Mapping=tex-text,Scale=1.0].
. 
. This font family consists of the following shapes:
.................................................
.................................................
. fontspec info: "defining-font"
. 
. Font family 'GOSTtypeA(3)' created for font 'GOST type A' with options
. [Mapping=tex-text,Scale=1.0].
. 
. This font family consists of the following shapes:
.................................................
.................................................
. fontspec info: "defining-font"
. 
. Font family 'GOSTtypeA(3)' created for font 'GOST type A' with options
. [Mapping=tex-text,Scale=1.0].
. 
. This font family consists of the following shapes:
.................................................
.................................................
. fontspec info: "defining-font"
. 
. Font family 'GOSTtypeA(3)' created for font 'GOST type A' with options
. [Mapping=tex-text,Scale=1.0].
. 
. This font family consists of the following shapes:
.................................................
.................................................
. fontspec info: "defining-font"
. 
. Font family 'GOSTtypeA(3)' created for font 'GOST type A' with options
. [Mapping=tex-text,Scale=1.0].
. 
. This font family consists of the following shapes:
.................................................
.................................................
. fontspec info: "defining-font"
. 
. Font family 'GOSTtypeA(3)' created for font 'GOST type A' with options
. [Mapping=tex-text,Scale=1.0].
. 
. This font family consists of the following shapes:
.................................................
.................................................
. fontspec info: "defining-font"
. 
. Font family 'GOSTtypeA(3)' created for font 'GOST type A' with options
. [Mapping=tex-text,Scale=1.0].
. 
. This font family consists of the following shapes:
.................................................
.................................................
. fontspec info: "defining-font"
. 
. Font family 'GOSTtypeA(3)' created for font 'GOST type A' with options
. [Mapping=tex-text,Scale=1.0].
. 
. This font family consists of the following shapes:
.................................................
.................................................
. fontspec info: "defining-font"
. 
. Font family 'GOSTtypeA(1)' created for font 'GOST type A' with options
. [Mapping=tex-text,Scale=1.75].
. 
. This font family consists of the following shapes:
.................................................
.................................................
. fontspec info: "defining-font"
. 
. Font family 'GOSTtypeA(1)' created for font 'GOST type A' with options
. [Mapping=tex-text,Scale=1.75].
. 
. This font family consists of the following shapes:
.................................................
.................................................
. fontspec info: "defining-font"
. 
. Font family 'GOSTtypeA(0)' created for font 'GOST type A' with options
. [Mapping=tex-text,Scale=1.3].
. 
. This font family consists of the following shapes:
.................................................
.................................................
. fontspec info: "defining-font"
. 
. Font family 'GOSTtypeA(3)' created for font 'GOST type A' with options
. [Mapping=tex-text,Scale=1.0].
. 
. This font family consists of the following shapes:
.................................................
.................................................
. fontspec info: "defining-font"
. 
. Font family 'GOSTtypeA(3)' created for font 'GOST type A' with options
. [Mapping=tex-text,Scale=1.0].
. 
. This font family consists of the following shapes:
.................................................
.................................................
. fontspec info: "defining-font"
. 
. Font family 'GOSTtypeA(3)' created for font 'GOST type A' with options
. [Mapping=tex-text,Scale=1.0].
. 
. This font family consists of the following shapes:
.................................................
.................................................
. fontspec info: "defining-font"
. 
. Font family 'GOSTtypeA(3)' created for font 'GOST type A' with options
. [Mapping=tex-text,Scale=1.0].
. 
. This font family consists of the following shapes:
.................................................
.................................................
. fontspec info: "defining-font"
. 
. Font family 'GOSTtypeA(3)' created for font 'GOST type A' with options
. [Mapping=tex-text,Scale=1.0].
. 
. This font family consists of the following shapes:
.................................................
.................................................
. fontspec info: "defining-font"
. 
. Font family 'GOSTtypeA(3)' created for font 'GOST type A' with options
. [Mapping=tex-text,Scale=1.0].
. 
. This font family consists of the following shapes:
.................................................
.................................................
. fontspec info: "defining-font"
. 
. Font family 'GOSTtypeA(3)' created for font 'GOST type A' with options
. [Mapping=tex-text,Scale=1.0].
. 
. This font family consists of the following shapes:
.................................................
.................................................
. fontspec info: "defining-font"
. 
. Font family 'GOSTtypeA(3)' created for font 'GOST type A' with options
. [Mapping=tex-text,Scale=1.0].
. 
. This font family consists of the following shapes:
.................................................
.................................................
. fontspec info: "defining-font"
. 
. Font family 'GOSTtypeA(3)' created for font 'GOST type A' with options
. [Mapping=tex-text,Scale=1.0].
. 
. This font family consists of the following shapes:
.................................................
.................................................
. fontspec info: "defining-font"
. 
. Font family 'GOSTtypeA(0)' created for font 'GOST type A' with options
. [Mapping=tex-text,Scale=1.3].
. 
. This font family consists of the following shapes:
.................................................

Underfull \hbox (badness 10000) has occurred while \output is active
[]
 []

[1

] (./output/vasia.aux) ) 
Here is how much of TeX's memory you used:
 15538 strings out of 493994
 330708 string characters out of 3152225
 348757 words of memory out of 3000000
 18593 multiletter control sequences out of 15000+200000
 7849 words of font info for 47 fonts, out of 3000000 for 9000
 1144 hyphenation exceptions out of 8191
 64i,17n,50p,914b,479s stack positions out of 5000i,500n,10000p,200000b,50000s

Output written on ./output/vasia.pdf (1 page).
